#
# There is insufficient memory for the Java Runtime Environment to continue.
# Native memory allocation (malloc) failed to allocate 1048576 bytes. Error detail: AllocateHeap
# Possible reasons:
#   The system is out of physical RAM or swap space
#   This process is running with CompressedOops enabled, and the Java Heap may be blocking the growth of the native heap
# Possible solutions:
#   Reduce memory load on the system
#   Increase physical memory or swap space
#   Check if swap backing store is full
#   Decrease Java heap size (-Xmx/-Xms)
#   Decrease number of Java threads
#   Decrease Java thread stack sizes (-Xss)
#   Set larger code cache with -XX:ReservedCodeCacheSize=
#   JVM is running with Unscaled Compressed Oops mode in which the Java heap is
#     placed in the first 4GB address space. The Java Heap base address is the
#     maximum limit for the native heap growth. Please use -XX:HeapBaseMinAddress
#     to set the Java Heap base and to place the Java Heap above 4GB virtual address.
# This output file may be truncated or incomplete.
#
#  Out of Memory Error (allocation.cpp:44), pid=12544, tid=4512
#
# JRE version: OpenJDK Runtime Environment Temurin-21.0.10+7 (21.0.10+7) (build 21.0.10+7-LTS)
# Java VM: OpenJDK 64-Bit Server VM Temurin-21.0.10+7 (21.0.10+7-LTS, mixed mode, sharing, tiered, compressed oops, compressed class ptrs, parallel gc, windows-amd64)
# No core dump will be written. Minidumps are not enabled by default on client versions of Windows
#

---------------  S U M M A R Y ------------

Command Line: --add-modules=ALL-SYSTEM --add-opens=java.base/java.util=ALL-UNNAMED --add-opens=java.base/java.lang=ALL-UNNAMED --add-opens=java.base/sun.nio.fs=ALL-UNNAMED -Declipse.application=org.eclipse.jdt.ls.core.id1 -Dosgi.bundles.defaultStartLevel=4 -Declipse.product=org.eclipse.jdt.ls.core.product -Djava.import.generatesMetadataFilesAtProjectRoot=false -DDetectVMInstallationsJob.disabled=true -Dfile.encoding=utf8 -XX:+UseParallelGC -XX:GCTimeRatio=4 -XX:AdaptiveSizePolicyWeight=90 -Dsun.zip.disableMemoryMapping=true -Xmx2G -Xms100m -Xlog:disable -javaagent:c:\Users\ADMIN\.vscode\extensions\redhat.java-1.53.0-win32-x64\lombok\lombok-1.18.39-4050.jar -XX:+HeapDumpOnOutOfMemoryError -XX:HeapDumpPath=c:\Users\ADMIN\AppData\Roaming\Code\User\workspaceStorage\3d538ecb1cc6ba4cd83de9f07c0907be\redhat.java -Daether.dependencyCollector.impl=bf c:\Users\ADMIN\.vscode\extensions\redhat.java-1.53.0-win32-x64\server\plugins\org.eclipse.equinox.launcher_1.7.100.v20251111-0406.jar -configuration c:\Users\ADMIN\AppData\Roaming\Code\User\globalStorage\redhat.java\1.53.0\config_win -data c:\Users\ADMIN\AppData\Roaming\Code\User\workspaceStorage\3d538ecb1cc6ba4cd83de9f07c0907be\redhat.java\jdt_ws --pipe=\\.\pipe\lsp-af1876c114c27744ee04302d4aeeea96-sock

Host: 12th Gen Intel(R) Core(TM) i5-12450H, 12 cores, 15G,  Windows 11 , 64 bit Build 26100 (10.0.26100.7920)
Time: Sun Apr 12 13:00:05 2026 SE Asia Standard Time elapsed time: 10605.167592 seconds (0d 2h 56m 45s)

---------------  T H R E A D  ---------------

Current thread (0x000001456ad9c990):  JavaThread "Attach Listener" daemon [_thread_in_vm, id=4512, stack(0x0000002c6a700000,0x0000002c6a800000) (1024K)]

Stack: [0x0000002c6a700000,0x0000002c6a800000]
Native frames: (J=compiled Java code, j=interpreted, Vv=VM code, C=native code)
V  [jvm.dll+0x6d7a39]
V  [jvm.dll+0x8b4b26]
V  [jvm.dll+0x8b70de]
V  [jvm.dll+0x8b77c3]
V  [jvm.dll+0x284346]
V  [jvm.dll+0xc1277]
V  [jvm.dll+0x6d82e9]
V  [jvm.dll+0x1334a6]
V  [jvm.dll+0x3f857e]
V  [jvm.dll+0x85f59d]
V  [jvm.dll+0x6d626d]
C  [ucrtbase.dll+0x37b0]
C  [KERNEL32.DLL+0x2e8d7]
C  [ntdll.dll+0x8c48c]


---------------  P R O C E S S  ---------------

Threads class SMR info:
_java_thread_list=0x000001455073c6e0, length=46, elements={
0x000001456a7c9760, 0x000001456ad99680, 0x000001457f4aa7a0, 0x000001456ad99f90,
0x000001456ad9c990, 0x000001456ada0a60, 0x000001456ada4ad0, 0x000001456ada9740,
0x000001456adadeb0, 0x0000014545c5db20, 0x0000014545c5eed0, 0x0000014545c5e840,
0x0000014545c5e1b0, 0x0000014545b0b510, 0x0000014545b0bba0, 0x0000014545b0ae80,
0x0000014545b0c8c0, 0x0000014545b0c230, 0x0000014545b0dc70, 0x0000014545b0fd40,
0x0000014545b0f020, 0x0000014545b0e990, 0x0000014545b0f6b0, 0x000001454ff813e0,
0x000001454ff82790, 0x000001454ff834b0, 0x000001454ff82e20, 0x000001454ff80030,
0x000001454ff81a70, 0x000001454ff806c0, 0x000001454ff82100, 0x000001454ff80d50,
0x000001454ff86fc0, 0x000001454ff841d0, 0x000001454ff85c10, 0x000001454ff84ef0,
0x000001454ff862a0, 0x000001454ecdffa0, 0x000001454ece0cc0, 0x000001454ecdd840,
0x000001454ece1350, 0x000001454ecde560, 0x000001454ecdf910, 0x000001454ece4140,
0x000001454c3bdf30, 0x000001454c3bc4f0
}

Java Threads: ( => current thread )
  0x000001456a7c9760 JavaThread "main"                              [_thread_blocked, id=3648, stack(0x0000002c6a000000,0x0000002c6a100000) (1024K)]
  0x000001456ad99680 JavaThread "Reference Handler"          daemon [_thread_blocked, id=23028, stack(0x0000002c6a400000,0x0000002c6a500000) (1024K)]
  0x000001457f4aa7a0 JavaThread "Finalizer"                  daemon [_thread_blocked, id=16444, stack(0x0000002c6a500000,0x0000002c6a600000) (1024K)]
  0x000001456ad99f90 JavaThread "Signal Dispatcher"          daemon [_thread_blocked, id=12460, stack(0x0000002c6a600000,0x0000002c6a700000) (1024K)]
=>0x000001456ad9c990 JavaThread "Attach Listener"            daemon [_thread_in_vm, id=4512, stack(0x0000002c6a700000,0x0000002c6a800000) (1024K)]
  0x000001456ada0a60 JavaThread "Service Thread"             daemon [_thread_blocked, id=16048, stack(0x0000002c6a800000,0x0000002c6a900000) (1024K)]
  0x000001456ada4ad0 JavaThread "Monitor Deflation Thread"   daemon [_thread_blocked, id=2468, stack(0x0000002c6a900000,0x0000002c6aa00000) (1024K)]
  0x000001456ada9740 JavaThread "C2 CompilerThread0"         daemon [_thread_blocked, id=9564, stack(0x0000002c6aa00000,0x0000002c6ab00000) (1024K)]
  0x000001456adadeb0 JavaThread "C1 CompilerThread0"         daemon [_thread_blocked, id=9064, stack(0x0000002c6ab00000,0x0000002c6ac00000) (1024K)]
  0x0000014545c5db20 JavaThread "Common-Cleaner"             daemon [_thread_blocked, id=4928, stack(0x0000002c6ad00000,0x0000002c6ae00000) (1024K)]
  0x0000014545c5eed0 JavaThread "Notification Thread"        daemon [_thread_blocked, id=5856, stack(0x0000002c6ac00000,0x0000002c6ad00000) (1024K)]
  0x0000014545c5e840 JavaThread "Active Thread: Equinox Container: baca24aa-4eb2-4fc3-b451-e5fe14b26efb"        [_thread_blocked, id=3392, stack(0x0000002c6b600000,0x0000002c6b700000) (1024K)]
  0x0000014545c5e1b0 JavaThread "Refresh Thread: Equinox Container: baca24aa-4eb2-4fc3-b451-e5fe14b26efb" daemon [_thread_blocked, id=6096, stack(0x0000002c6af00000,0x0000002c6b000000) (1024K)]
  0x0000014545b0b510 JavaThread "Framework Event Dispatcher: Equinox Container: baca24aa-4eb2-4fc3-b451-e5fe14b26efb" daemon [_thread_blocked, id=1176, stack(0x0000002c6b700000,0x0000002c6b800000) (1024K)]
  0x0000014545b0bba0 JavaThread "Start Level: Equinox Container: baca24aa-4eb2-4fc3-b451-e5fe14b26efb" daemon [_thread_blocked, id=23300, stack(0x0000002c6b800000,0x0000002c6b900000) (1024K)]
  0x0000014545b0ae80 JavaThread "Bundle File Closer"         daemon [_thread_blocked, id=22772, stack(0x0000002c6bb00000,0x0000002c6bc00000) (1024K)]
  0x0000014545b0c8c0 JavaThread "SCR Component Actor"        daemon [_thread_blocked, id=1300, stack(0x0000002c69f00000,0x0000002c6a000000) (1024K)]
  0x0000014545b0c230 JavaThread "Worker-JM"                         [_thread_blocked, id=21620, stack(0x0000002c6bc00000,0x0000002c6bd00000) (1024K)]
  0x0000014545b0dc70 JavaThread "Java indexing"              daemon [_thread_blocked, id=11416, stack(0x0000002c6c200000,0x0000002c6c300000) (1024K)]
  0x0000014545b0fd40 JavaThread "JNA Cleaner"                daemon [_thread_blocked, id=16948, stack(0x0000002c6c400000,0x0000002c6c500000) (1024K)]
  0x0000014545b0f020 JavaThread "Thread-1"                   daemon [_thread_in_native, id=17760, stack(0x0000002c6c900000,0x0000002c6ca00000) (1024K)]
  0x0000014545b0e990 JavaThread "Thread-2"                   daemon [_thread_in_native, id=13420, stack(0x0000002c6ca00000,0x0000002c6cb00000) (1024K)]
  0x0000014545b0f6b0 JavaThread "Thread-3"                   daemon [_thread_in_native, id=22072, stack(0x0000002c6cb00000,0x0000002c6cc00000) (1024K)]
  0x000001454ff813e0 JavaThread "Thread-4"                   daemon [_thread_in_native, id=8860, stack(0x0000002c6cc00000,0x0000002c6cd00000) (1024K)]
  0x000001454ff82790 JavaThread "Thread-5"                   daemon [_thread_in_native, id=17872, stack(0x0000002c6cd00000,0x0000002c6ce00000) (1024K)]
  0x000001454ff834b0 JavaThread "Thread-6"                   daemon [_thread_in_native, id=21060, stack(0x0000002c6ce00000,0x0000002c6cf00000) (1024K)]
  0x000001454ff82e20 JavaThread "Thread-7"                   daemon [_thread_in_native, id=22416, stack(0x0000002c6cf00000,0x0000002c6d000000) (1024K)]
  0x000001454ff80030 JavaThread "Thread-8"                   daemon [_thread_in_native, id=21156, stack(0x0000002c6d000000,0x0000002c6d100000) (1024K)]
  0x000001454ff81a70 JavaThread "Thread-9"                   daemon [_thread_in_native, id=10936, stack(0x0000002c6d100000,0x0000002c6d200000) (1024K)]
  0x000001454ff806c0 JavaThread "Thread-10"                  daemon [_thread_in_native, id=21364, stack(0x0000002c6d200000,0x0000002c6d300000) (1024K)]
  0x000001454ff82100 JavaThread "Thread-11"                  daemon [_thread_in_native, id=9276, stack(0x0000002c6d300000,0x0000002c6d400000) (1024K)]
  0x000001454ff80d50 JavaThread "Thread-12"                  daemon [_thread_in_native, id=14524, stack(0x0000002c6d400000,0x0000002c6d500000) (1024K)]
  0x000001454ff86fc0 JavaThread "Thread-13"                  daemon [_thread_in_native, id=19980, stack(0x0000002c6d500000,0x0000002c6d600000) (1024K)]
  0x000001454ff841d0 JavaThread "pool-2-thread-1"                   [_thread_blocked, id=22816, stack(0x0000002c6d600000,0x0000002c6d700000) (1024K)]
  0x000001454ff85c10 JavaThread "WorkspaceEventsHandler"            [_thread_blocked, id=8196, stack(0x0000002c6d700000,0x0000002c6d800000) (1024K)]
  0x000001454ff84ef0 JavaThread "pool-1-thread-1"                   [_thread_blocked, id=24116, stack(0x0000002c6d800000,0x0000002c6d900000) (1024K)]
  0x000001454ff862a0 JavaThread "Timer-0"                           [_thread_blocked, id=23644, stack(0x0000002c6db00000,0x0000002c6dc00000) (1024K)]
  0x000001454ecdffa0 JavaThread "Timer-1"                           [_thread_blocked, id=23236, stack(0x0000002c6c000000,0x0000002c6c100000) (1024K)]
  0x000001454ece0cc0 JavaThread "Timer-2"                           [_thread_blocked, id=24180, stack(0x0000002c6c100000,0x0000002c6c200000) (1024K)]
  0x000001454ecdd840 JavaThread "Timer-3"                           [_thread_blocked, id=3468, stack(0x0000002c6dc00000,0x0000002c6dd00000) (1024K)]
  0x000001454ece1350 JavaThread "Timer-4"                           [_thread_blocked, id=1492, stack(0x0000002c6dd00000,0x0000002c6de00000) (1024K)]
  0x000001454ecde560 JavaThread "Timer-5"                           [_thread_blocked, id=24592, stack(0x0000002c69d00000,0x0000002c69e00000) (1024K)]
  0x000001454ecdf910 JavaThread "Timer-6"                           [_thread_blocked, id=23220, stack(0x0000002c69e00000,0x0000002c69f00000) (1024K)]
  0x000001454ece4140 JavaThread "Timer-7"                           [_thread_blocked, id=22344, stack(0x0000002c6c300000,0x0000002c6c400000) (1024K)]
  0x000001454c3bdf30 JavaThread "Worker-10"                         [_thread_blocked, id=19360, stack(0x0000002c6bd00000,0x0000002c6be00000) (1024K)]
  0x000001454c3bc4f0 JavaThread "Worker-20"                         [_thread_blocked, id=17696, stack(0x0000002c6bf00000,0x0000002c6c000000) (1024K)]
Total: 46

Other Threads:
  0x000001456ad907b0 VMThread "VM Thread"                           [id=17648, stack(0x0000002c6a300000,0x0000002c6a400000) (1024K)]
  0x000001457f38ca00 WatcherThread "VM Periodic Task Thread"        [id=21720, stack(0x0000002c6a200000,0x0000002c6a300000) (1024K)]
  0x000001456ad0f4d0 WorkerThread "GC Thread#0"                     [id=22648, stack(0x0000002c6a100000,0x0000002c6a200000) (1024K)]
  0x000001454b342810 WorkerThread "GC Thread#1"                     [id=8604, stack(0x0000002c6b000000,0x0000002c6b100000) (1024K)]
  0x000001454b1c2fd0 WorkerThread "GC Thread#2"                     [id=22808, stack(0x0000002c6b100000,0x0000002c6b200000) (1024K)]
  0x000001454b1c3380 WorkerThread "GC Thread#3"                     [id=20592, stack(0x0000002c6b200000,0x0000002c6b300000) (1024K)]
  0x000001454b87f6f0 WorkerThread "GC Thread#4"                     [id=13412, stack(0x0000002c6b300000,0x0000002c6b400000) (1024K)]
  0x000001454b87faa0 WorkerThread "GC Thread#5"                     [id=23416, stack(0x0000002c6b400000,0x0000002c6b500000) (1024K)]
  0x000001454b87fe50 WorkerThread "GC Thread#6"                     [id=24352, stack(0x0000002c6b500000,0x0000002c6b600000) (1024K)]
  0x000001454b74ee80 WorkerThread "GC Thread#7"                     [id=3696, stack(0x0000002c6ae00000,0x0000002c6af00000) (1024K)]
  0x000001454b116270 WorkerThread "GC Thread#8"                     [id=19632, stack(0x0000002c6b900000,0x0000002c6ba00000) (1024K)]
  0x000001454b227f60 WorkerThread "GC Thread#9"                     [id=23332, stack(0x0000002c6ba00000,0x0000002c6bb00000) (1024K)]
Total: 12

Threads with active compile tasks:
Total: 0

VM state: not at safepoint (normal execution)

VM Mutex/Monitor currently owned by a thread: None

Heap address: 0x0000000080000000, size: 2048 MB, Compressed Oops mode: 32-bit

CDS archive(s) mapped at: [0x0000014504000000-0x0000014504ba0000-0x0000014504ba0000), size 12189696, SharedBaseAddress: 0x0000014504000000, ArchiveRelocationMode: 1.
Compressed class space mapped at: 0x0000014505000000-0x0000014545000000, reserved size: 1073741824
Narrow klass base: 0x0000014504000000, Narrow klass shift: 0, Narrow klass range: 0x100000000

GC Precious Log:
 CardTable entry size: 512
 CPUs: 12 total, 12 available
 Memory: 16085M
 Large Page Support: Disabled
 NUMA Support: Disabled
 Compressed Oops: Enabled (32-bit)
 Alignments: Space 512K, Generation 512K, Heap 2M
 Heap Min Capacity: 100M
 Heap Initial Capacity: 100M
 Heap Max Capacity: 2G
 Pre-touch: Disabled
 Parallel Workers: 10

Heap:
 PSYoungGen      total 2048K, used 1186K [0x00000000d5580000, 0x00000000d5880000, 0x0000000100000000)
  eden space 1536K, 60% used [0x00000000d5580000,0x00000000d5668b70,0x00000000d5700000)
  from space 512K, 50% used [0x00000000d5800000,0x00000000d5840000,0x00000000d5880000)
  to   space 512K, 0% used [0x00000000d5780000,0x00000000d5780000,0x00000000d5800000)
 ParOldGen       total 647680K, used 647625K [0x0000000080000000, 0x00000000a7880000, 0x00000000d5580000)
  object space 647680K, 99% used [0x0000000080000000,0x00000000a7872748,0x00000000a7880000)
 Metaspace       used 92022K, committed 93632K, reserved 1179648K
  class space    used 10663K, committed 11392K, reserved 1048576K

Card table byte_map: [0x000001457e7c0000,0x000001457ebd0000] _byte_map_base: 0x000001457e3c0000

Marking Bits: (ParMarkBitMap*) 0x00007ffe342e3450
 Begin Bits: [0x0000014500000000, 0x0000014502000000)
 End Bits:   [0x0000014502000000, 0x0000014504000000)

Polling page: 0x000001456f5b0000

Metaspace:

Usage:
  Non-class:     79.45 MB used.
      Class:     10.41 MB used.
       Both:     89.87 MB used.

Virtual space:
  Non-class space:      128.00 MB reserved,      80.31 MB ( 63%) committed,  2 nodes.
      Class space:        1.00 GB reserved,      11.12 MB (  1%) committed,  1 nodes.
             Both:        1.12 GB reserved,      91.44 MB (  8%) committed. 

Chunk freelists:
   Non-Class:  15.22 MB
       Class:  4.90 MB
        Both:  20.12 MB

MaxMetaspaceSize: unlimited
CompressedClassSpaceSize: 1.00 GB
Initial GC threshold: 21.00 MB
Current GC threshold: 148.44 MB
CDS: on
 - commit_granule_bytes: 65536.
 - commit_granule_words: 8192.
 - virtual_space_node_default_size: 8388608.
 - enlarge_chunks_in_place: 1.
 - use_allocation_guard: 0.


Internal statistics:

num_allocs_failed_limit: 11.
num_arena_births: 1846.
num_arena_deaths: 388.
num_vsnodes_births: 3.
num_vsnodes_deaths: 0.
num_space_committed: 1463.
num_space_uncommitted: 0.
num_chunks_returned_to_freelist: 448.
num_chunks_taken_from_freelist: 6279.
num_chunk_merges: 122.
num_chunk_splits: 3740.
num_chunks_enlarged: 2170.
num_inconsistent_stats: 0.

CodeHeap 'non-profiled nmethods': size=120000Kb used=21123Kb max_used=21123Kb free=98876Kb
 bounds [0x00000145770a0000, 0x0000014578550000, 0x000001457e5d0000]
CodeHeap 'profiled nmethods': size=120000Kb used=42515Kb max_used=42515Kb free=77484Kb
 bounds [0x000001456f5d0000, 0x0000014571f60000, 0x0000014576b00000]
CodeHeap 'non-nmethods': size=5760Kb used=1513Kb max_used=1596Kb free=4246Kb
 bounds [0x0000014576b00000, 0x0000014576d70000, 0x00000145770a0000]
CodeCache: size=245760Kb, used=65151Kb, max_used=65234Kb, free=180606Kb
 total_blobs=17945, nmethods=17115, adapters=731, full_count=0
Compilation: enabled, stopped_count=0, restarted_count=0

Compilation events (20 events):
Event: 8840.210 Thread 0x000001456adadeb0 18494       1       org.eclipse.jdt.internal.core.DiscardWorkingCopyOperation::isReadOnly (2 bytes)
Event: 8840.210 Thread 0x000001456adadeb0 nmethod 18494 0x000001457853fa10 code [0x000001457853fba0, 0x000001457853fc68]
Event: 8840.211 Thread 0x000001456adadeb0 18495       3       org.eclipse.jdt.internal.core.DeltaProcessor::notifyListeners (115 bytes)
Event: 8840.217 Thread 0x000001456adadeb0 nmethod 18495 0x0000014571f4c510 code [0x0000014571f4c880, 0x0000014571f4dc38]
Event: 8867.175 Thread 0x000001456adadeb0 18496       3       org.eclipse.lsp4j.jsonrpc.json.adapters.MessageTypeAdapter::parseParams (240 bytes)
Event: 8867.186 Thread 0x000001456adadeb0 nmethod 18496 0x0000014571f4e490 code [0x0000014571f4e960, 0x0000014571f50f68]
Event: 8880.763 Thread 0x000001456adadeb0 18497       3       org.eclipse.jdt.internal.core.Openable::hasUnsavedChanges (127 bytes)
Event: 8880.770 Thread 0x000001456adadeb0 nmethod 18497 0x0000014571f51b90 code [0x0000014571f51ea0, 0x0000014571f53140]
Event: 8923.709 Thread 0x000001456adadeb0 18498       3       org.eclipse.jdt.ls.core.internal.DocumentAdapter::hasUnsavedChanges (21 bytes)
Event: 8923.710 Thread 0x000001456adadeb0 nmethod 18498 0x0000014571f53590 code [0x0000014571f53740, 0x0000014571f53960]
Event: 8929.742 Thread 0x000001456adadeb0 18499       3       org.eclipse.jdt.ls.core.internal.JavaLanguageServerPlugin::debugTrace (41 bytes)
Event: 8929.770 Thread 0x000001456adadeb0 nmethod 18499 0x0000014571f53a10 code [0x0000014571f53cc0, 0x0000014571f54830]
Event: 8950.727 Thread 0x000001456ada9740 18500       4       org.eclipse.jdt.internal.core.OverflowingLRUCache::privateRemoveEntry (8 bytes)
Event: 8950.732 Thread 0x000001456ada9740 nmethod 18500 0x000001457853fd10 code [0x000001457853fec0, 0x0000014578540078]
Event: 9356.481 Thread 0x000001456ada9740 18501       4       java.util.ImmutableCollections$Set12$1::next (95 bytes)
Event: 9356.485 Thread 0x000001456ada9740 nmethod 18501 0x0000014578540210 code [0x00000145785403a0, 0x0000014578540490]
Event: 9389.723 Thread 0x000001456ada9740 18502       4       java.util.concurrent.locks.AbstractQueuedSynchronizer$Node::clearStatus (12 bytes)
Event: 9389.724 Thread 0x000001456ada9740 nmethod 18502 0x0000014578540590 code [0x0000014578540720, 0x00000145785407b0]
Event: 9904.096 Thread 0x000001456ada9740 18503       4       java.util.concurrent.TimeUnit::convert (73 bytes)
Event: 9904.107 Thread 0x000001456ada9740 nmethod 18503 0x0000014578540890 code [0x0000014578540a40, 0x0000014578540bd0]

GC Heap History (20 events):
Event: 8771.586 GC heap before
{Heap before GC invocations=1315 (full 4):
 PSYoungGen      total 2048K, used 1859K [0x00000000d5580000, 0x00000000d5880000, 0x0000000100000000)
  eden space 1536K, 99% used [0x00000000d5580000,0x00000000d56ffc20,0x00000000d5700000)
  from space 512K, 63% used [0x00000000d5800000,0x00000000d5851200,0x00000000d5880000)
  to   space 512K, 0% used [0x00000000d5780000,0x00000000d5780000,0x00000000d5800000)
 ParOldGen       total 645120K, used 644977K [0x0000000080000000, 0x00000000a7600000, 0x00000000d5580000)
  object space 645120K, 99% used [0x0000000080000000,0x00000000a75dc5f0,0x00000000a7600000)
 Metaspace       used 92013K, committed 93632K, reserved 1179648K
  class space    used 10663K, committed 11392K, reserved 1048576K
}
Event: 8771.587 GC heap after
{Heap after GC invocations=1315 (full 4):
 PSYoungGen      total 2048K, used 292K [0x00000000d5580000, 0x00000000d5880000, 0x0000000100000000)
  eden space 1536K, 0% used [0x00000000d5580000,0x00000000d5580000,0x00000000d5700000)
  from space 512K, 57% used [0x00000000d5780000,0x00000000d57c9200,0x00000000d5800000)
  to   space 512K, 0% used [0x00000000d5800000,0x00000000d5800000,0x00000000d5880000)
 ParOldGen       total 645120K, used 645049K [0x0000000080000000, 0x00000000a7600000, 0x00000000d5580000)
  object space 645120K, 99% used [0x0000000080000000,0x00000000a75ee5f0,0x00000000a7600000)
 Metaspace       used 92013K, committed 93632K, reserved 1179648K
  class space    used 10663K, committed 11392K, reserved 1048576K
}
Event: 8771.597 GC heap before
{Heap before GC invocations=1316 (full 4):
 PSYoungGen      total 2048K, used 1828K [0x00000000d5580000, 0x00000000d5880000, 0x0000000100000000)
  eden space 1536K, 99% used [0x00000000d5580000,0x00000000d56ffff8,0x00000000d5700000)
  from space 512K, 57% used [0x00000000d5780000,0x00000000d57c9200,0x00000000d5800000)
  to   space 512K, 0% used [0x00000000d5800000,0x00000000d5800000,0x00000000d5880000)
 ParOldGen       total 645120K, used 645049K [0x0000000080000000, 0x00000000a7600000, 0x00000000d5580000)
  object space 645120K, 99% used [0x0000000080000000,0x00000000a75ee5f0,0x00000000a7600000)
 Metaspace       used 92013K, committed 93632K, reserved 1179648K
  class space    used 10663K, committed 11392K, reserved 1048576K
}
Event: 8771.599 GC heap after
{Heap after GC invocations=1316 (full 4):
 PSYoungGen      total 2048K, used 512K [0x00000000d5580000, 0x00000000d5900000, 0x0000000100000000)
  eden space 1536K, 0% used [0x00000000d5580000,0x00000000d5580000,0x00000000d5700000)
  from space 512K, 100% used [0x00000000d5800000,0x00000000d5880000,0x00000000d5880000)
  to   space 1024K, 0% used [0x00000000d5700000,0x00000000d5700000,0x00000000d5800000)
 ParOldGen       total 645632K, used 645213K [0x0000000080000000, 0x00000000a7680000, 0x00000000d5580000)
  object space 645632K, 99% used [0x0000000080000000,0x00000000a76177f0,0x00000000a7680000)
 Metaspace       used 92013K, committed 93632K, reserved 1179648K
  class space    used 10663K, committed 11392K, reserved 1048576K
}
Event: 8771.608 GC heap before
{Heap before GC invocations=1317 (full 4):
 PSYoungGen      total 2048K, used 2048K [0x00000000d5580000, 0x00000000d5900000, 0x0000000100000000)
  eden space 1536K, 100% used [0x00000000d5580000,0x00000000d5700000,0x00000000d5700000)
  from space 512K, 100% used [0x00000000d5800000,0x00000000d5880000,0x00000000d5880000)
  to   space 1024K, 0% used [0x00000000d5700000,0x00000000d5700000,0x00000000d5800000)
 ParOldGen       total 645632K, used 645213K [0x0000000080000000, 0x00000000a7680000, 0x00000000d5580000)
  object space 645632K, 99% used [0x0000000080000000,0x00000000a76177f0,0x00000000a7680000)
 Metaspace       used 92013K, committed 93632K, reserved 1179648K
  class space    used 10663K, committed 11392K, reserved 1048576K
}
Event: 8771.610 GC heap after
{Heap after GC invocations=1317 (full 4):
 PSYoungGen      total 2560K, used 608K [0x00000000d5580000, 0x00000000d5900000, 0x0000000100000000)
  eden space 1536K, 0% used [0x00000000d5580000,0x00000000d5580000,0x00000000d5700000)
  from space 1024K, 59% used [0x00000000d5700000,0x00000000d5798000,0x00000000d5800000)
  to   space 1024K, 0% used [0x00000000d5800000,0x00000000d5800000,0x00000000d5900000)
 ParOldGen       total 646144K, used 645675K [0x0000000080000000, 0x00000000a7700000, 0x00000000d5580000)
  object space 646144K, 99% used [0x0000000080000000,0x00000000a768ade0,0x00000000a7700000)
 Metaspace       used 92013K, committed 93632K, reserved 1179648K
  class space    used 10663K, committed 11392K, reserved 1048576K
}
Event: 8771.627 GC heap before
{Heap before GC invocations=1318 (full 4):
 PSYoungGen      total 2560K, used 2144K [0x00000000d5580000, 0x00000000d5900000, 0x0000000100000000)
  eden space 1536K, 100% used [0x00000000d5580000,0x00000000d5700000,0x00000000d5700000)
  from space 1024K, 59% used [0x00000000d5700000,0x00000000d5798000,0x00000000d5800000)
  to   space 1024K, 0% used [0x00000000d5800000,0x00000000d5800000,0x00000000d5900000)
 ParOldGen       total 646144K, used 645675K [0x0000000080000000, 0x00000000a7700000, 0x00000000d5580000)
  object space 646144K, 99% used [0x0000000080000000,0x00000000a768ade0,0x00000000a7700000)
 Metaspace       used 92013K, committed 93632K, reserved 1179648K
  class space    used 10663K, committed 11392K, reserved 1048576K
}
Event: 8771.629 GC heap after
{Heap after GC invocations=1318 (full 4):
 PSYoungGen      total 2560K, used 489K [0x00000000d5580000, 0x00000000d5900000, 0x0000000100000000)
  eden space 1536K, 0% used [0x00000000d5580000,0x00000000d5580000,0x00000000d5700000)
  from space 1024K, 47% used [0x00000000d5800000,0x00000000d587a400,0x00000000d5900000)
  to   space 1024K, 0% used [0x00000000d5700000,0x00000000d5700000,0x00000000d5800000)
 ParOldGen       total 646144K, used 645809K [0x0000000080000000, 0x00000000a7700000, 0x00000000d5580000)
  object space 646144K, 99% used [0x0000000080000000,0x00000000a76ac5a8,0x00000000a7700000)
 Metaspace       used 92013K, committed 93632K, reserved 1179648K
  class space    used 10663K, committed 11392K, reserved 1048576K
}
Event: 8771.638 GC heap before
{Heap before GC invocations=1319 (full 4):
 PSYoungGen      total 2560K, used 2025K [0x00000000d5580000, 0x00000000d5900000, 0x0000000100000000)
  eden space 1536K, 100% used [0x00000000d5580000,0x00000000d5700000,0x00000000d5700000)
  from space 1024K, 47% used [0x00000000d5800000,0x00000000d587a400,0x00000000d5900000)
  to   space 1024K, 0% used [0x00000000d5700000,0x00000000d5700000,0x00000000d5800000)
 ParOldGen       total 646144K, used 645809K [0x0000000080000000, 0x00000000a7700000, 0x00000000d5580000)
  object space 646144K, 99% used [0x0000000080000000,0x00000000a76ac5a8,0x00000000a7700000)
 Metaspace       used 92014K, committed 93632K, reserved 1179648K
  class space    used 10663K, committed 11392K, reserved 1048576K
}
Event: 8771.641 GC heap after
{Heap after GC invocations=1319 (full 4):
 PSYoungGen      total 2560K, used 560K [0x00000000d5580000, 0x00000000d5900000, 0x0000000100000000)
  eden space 1536K, 0% used [0x00000000d5580000,0x00000000d5580000,0x00000000d5700000)
  from space 1024K, 54% used [0x00000000d5700000,0x00000000d578c010,0x00000000d5800000)
  to   space 1024K, 0% used [0x00000000d5800000,0x00000000d5800000,0x00000000d5900000)
 ParOldGen       total 646656K, used 646163K [0x0000000080000000, 0x00000000a7780000, 0x00000000d5580000)
  object space 646656K, 99% used [0x0000000080000000,0x00000000a7704c38,0x00000000a7780000)
 Metaspace       used 92014K, committed 93632K, reserved 1179648K
  class space    used 10663K, committed 11392K, reserved 1048576K
}
Event: 8771.649 GC heap before
{Heap before GC invocations=1320 (full 4):
 PSYoungGen      total 2560K, used 2096K [0x00000000d5580000, 0x00000000d5900000, 0x0000000100000000)
  eden space 1536K, 100% used [0x00000000d5580000,0x00000000d5700000,0x00000000d5700000)
  from space 1024K, 54% used [0x00000000d5700000,0x00000000d578c010,0x00000000d5800000)
  to   space 1024K, 0% used [0x00000000d5800000,0x00000000d5800000,0x00000000d5900000)
 ParOldGen       total 646656K, used 646163K [0x0000000080000000, 0x00000000a7780000, 0x00000000d5580000)
  object space 646656K, 99% used [0x0000000080000000,0x00000000a7704c38,0x00000000a7780000)
 Metaspace       used 92015K, committed 93632K, reserved 1179648K
  class space    used 10663K, committed 11392K, reserved 1048576K
}
Event: 8771.651 GC heap after
{Heap after GC invocations=1320 (full 4):
 PSYoungGen      total 2560K, used 500K [0x00000000d5580000, 0x00000000d5900000, 0x0000000100000000)
  eden space 1536K, 0% used [0x00000000d5580000,0x00000000d5580000,0x00000000d5700000)
  from space 1024K, 48% used [0x00000000d5800000,0x00000000d587d210,0x00000000d5900000)
  to   space 1024K, 0% used [0x00000000d5700000,0x00000000d5700000,0x00000000d5800000)
 ParOldGen       total 646656K, used 646595K [0x0000000080000000, 0x00000000a7780000, 0x00000000d5580000)
  object space 646656K, 99% used [0x0000000080000000,0x00000000a7770c58,0x00000000a7780000)
 Metaspace       used 92015K, committed 93632K, reserved 1179648K
  class space    used 10663K, committed 11392K, reserved 1048576K
}
Event: 8771.656 GC heap before
{Heap before GC invocations=1321 (full 4):
 PSYoungGen      total 2560K, used 2036K [0x00000000d5580000, 0x00000000d5900000, 0x0000000100000000)
  eden space 1536K, 100% used [0x00000000d5580000,0x00000000d5700000,0x00000000d5700000)
  from space 1024K, 48% used [0x00000000d5800000,0x00000000d587d210,0x00000000d5900000)
  to   space 1024K, 0% used [0x00000000d5700000,0x00000000d5700000,0x00000000d5800000)
 ParOldGen       total 646656K, used 646595K [0x0000000080000000, 0x00000000a7780000, 0x00000000d5580000)
  object space 646656K, 99% used [0x0000000080000000,0x00000000a7770c58,0x00000000a7780000)
 Metaspace       used 92015K, committed 93632K, reserved 1179648K
  class space    used 10663K, committed 11392K, reserved 1048576K
}
Event: 8771.658 GC heap after
{Heap after GC invocations=1321 (full 4):
 PSYoungGen      total 2560K, used 576K [0x00000000d5580000, 0x00000000d5900000, 0x0000000100000000)
  eden space 1536K, 0% used [0x00000000d5580000,0x00000000d5580000,0x00000000d5700000)
  from space 1024K, 56% used [0x00000000d5700000,0x00000000d5790020,0x00000000d5800000)
  to   space 1024K, 0% used [0x00000000d5800000,0x00000000d5800000,0x00000000d5900000)
 ParOldGen       total 647168K, used 647018K [0x0000000080000000, 0x00000000a7800000, 0x00000000d5580000)
  object space 647168K, 99% used [0x0000000080000000,0x00000000a77da870,0x00000000a7800000)
 Metaspace       used 92015K, committed 93632K, reserved 1179648K
  class space    used 10663K, committed 11392K, reserved 1048576K
}
Event: 8781.347 GC heap before
{Heap before GC invocations=1322 (full 4):
 PSYoungGen      total 2560K, used 2112K [0x00000000d5580000, 0x00000000d5900000, 0x0000000100000000)
  eden space 1536K, 100% used [0x00000000d5580000,0x00000000d5700000,0x00000000d5700000)
  from space 1024K, 56% used [0x00000000d5700000,0x00000000d5790020,0x00000000d5800000)
  to   space 1024K, 0% used [0x00000000d5800000,0x00000000d5800000,0x00000000d5900000)
 ParOldGen       total 647168K, used 647018K [0x0000000080000000, 0x00000000a7800000, 0x00000000d5580000)
  object space 647168K, 99% used [0x0000000080000000,0x00000000a77da870,0x00000000a7800000)
 Metaspace       used 92016K, committed 93632K, reserved 1179648K
  class space    used 10663K, committed 11392K, reserved 1048576K
}
Event: 8781.352 GC heap after
{Heap after GC invocations=1322 (full 4):
 PSYoungGen      total 2048K, used 320K [0x00000000d5580000, 0x00000000d5880000, 0x0000000100000000)
  eden space 1536K, 0% used [0x00000000d5580000,0x00000000d5580000,0x00000000d5700000)
  from space 512K, 62% used [0x00000000d5800000,0x00000000d5850000,0x00000000d5880000)
  to   space 512K, 0% used [0x00000000d5780000,0x00000000d5780000,0x00000000d5800000)
 ParOldGen       total 647680K, used 647450K [0x0000000080000000, 0x00000000a7880000, 0x00000000d5580000)
  object space 647680K, 99% used [0x0000000080000000,0x00000000a7846890,0x00000000a7880000)
 Metaspace       used 92016K, committed 93632K, reserved 1179648K
  class space    used 10663K, committed 11392K, reserved 1048576K
}
Event: 8840.213 GC heap before
{Heap before GC invocations=1323 (full 4):
 PSYoungGen      total 2048K, used 1856K [0x00000000d5580000, 0x00000000d5880000, 0x0000000100000000)
  eden space 1536K, 100% used [0x00000000d5580000,0x00000000d5700000,0x00000000d5700000)
  from space 512K, 62% used [0x00000000d5800000,0x00000000d5850000,0x00000000d5880000)
  to   space 512K, 0% used [0x00000000d5780000,0x00000000d5780000,0x00000000d5800000)
 ParOldGen       total 647680K, used 647450K [0x0000000080000000, 0x00000000a7880000, 0x00000000d5580000)
  object space 647680K, 99% used [0x0000000080000000,0x00000000a7846890,0x00000000a7880000)
 Metaspace       used 92019K, committed 93632K, reserved 1179648K
  class space    used 10663K, committed 11392K, reserved 1048576K
}
Event: 8840.216 GC heap after
{Heap after GC invocations=1323 (full 4):
 PSYoungGen      total 2048K, used 224K [0x00000000d5580000, 0x00000000d5880000, 0x0000000100000000)
  eden space 1536K, 0% used [0x00000000d5580000,0x00000000d5580000,0x00000000d5700000)
  from space 512K, 43% used [0x00000000d5780000,0x00000000d57b8000,0x00000000d5800000)
  to   space 512K, 0% used [0x00000000d5800000,0x00000000d5800000,0x00000000d5880000)
 ParOldGen       total 647680K, used 647593K [0x0000000080000000, 0x00000000a7880000, 0x00000000d5580000)
  object space 647680K, 99% used [0x0000000080000000,0x00000000a786a748,0x00000000a7880000)
 Metaspace       used 92019K, committed 93632K, reserved 1179648K
  class space    used 10663K, committed 11392K, reserved 1048576K
}
Event: 8929.724 GC heap before
{Heap before GC invocations=1324 (full 4):
 PSYoungGen      total 2048K, used 1760K [0x00000000d5580000, 0x00000000d5880000, 0x0000000100000000)
  eden space 1536K, 100% used [0x00000000d5580000,0x00000000d5700000,0x00000000d5700000)
  from space 512K, 43% used [0x00000000d5780000,0x00000000d57b8000,0x00000000d5800000)
  to   space 512K, 0% used [0x00000000d5800000,0x00000000d5800000,0x00000000d5880000)
 ParOldGen       total 647680K, used 647593K [0x0000000080000000, 0x00000000a7880000, 0x00000000d5580000)
  object space 647680K, 99% used [0x0000000080000000,0x00000000a786a748,0x00000000a7880000)
 Metaspace       used 92022K, committed 93632K, reserved 1179648K
  class space    used 10663K, committed 11392K, reserved 1048576K
}
Event: 8929.734 GC heap after
{Heap after GC invocations=1324 (full 4):
 PSYoungGen      total 2048K, used 256K [0x00000000d5580000, 0x00000000d5880000, 0x0000000100000000)
  eden space 1536K, 0% used [0x00000000d5580000,0x00000000d5580000,0x00000000d5700000)
  from space 512K, 50% used [0x00000000d5800000,0x00000000d5840000,0x00000000d5880000)
  to   space 512K, 0% used [0x00000000d5780000,0x00000000d5780000,0x00000000d5800000)
 ParOldGen       total 647680K, used 647625K [0x0000000080000000, 0x00000000a7880000, 0x00000000d5580000)
  object space 647680K, 99% used [0x0000000080000000,0x00000000a7872748,0x00000000a7880000)
 Metaspace       used 92022K, committed 93632K, reserved 1179648K
  class space    used 10663K, committed 11392K, reserved 1048576K
}

Dll operation events (15 events):
Event: 0.010 Loaded shared library c:\Users\ADMIN\.vscode\extensions\redhat.java-1.53.0-win32-x64\jre\21.0.10-win32-x86_64\bin\java.dll
Event: 0.041 Loaded shared library c:\Users\ADMIN\.vscode\extensions\redhat.java-1.53.0-win32-x64\jre\21.0.10-win32-x86_64\bin\zip.dll
Event: 0.101 Loaded shared library C:\Users\ADMIN\.vscode\extensions\redhat.java-1.53.0-win32-x64\jre\21.0.10-win32-x86_64\bin\instrument.dll
Event: 0.106 Loaded shared library C:\Users\ADMIN\.vscode\extensions\redhat.java-1.53.0-win32-x64\jre\21.0.10-win32-x86_64\bin\net.dll
Event: 0.108 Loaded shared library C:\Users\ADMIN\.vscode\extensions\redhat.java-1.53.0-win32-x64\jre\21.0.10-win32-x86_64\bin\nio.dll
Event: 0.112 Loaded shared library C:\Users\ADMIN\.vscode\extensions\redhat.java-1.53.0-win32-x64\jre\21.0.10-win32-x86_64\bin\zip.dll
Event: 0.131 Loaded shared library C:\Users\ADMIN\.vscode\extensions\redhat.java-1.53.0-win32-x64\jre\21.0.10-win32-x86_64\bin\jimage.dll
Event: 0.341 Loaded shared library c:\Users\ADMIN\.vscode\extensions\redhat.java-1.53.0-win32-x64\jre\21.0.10-win32-x86_64\bin\verify.dll
Event: 18.899 Loaded shared library C:\Users\ADMIN\AppData\Roaming\Code\User\globalStorage\redhat.java\1.53.0\config_win\org.eclipse.equinox.launcher\org.eclipse.equinox.launcher.win32.win32.x86_64_1.3.0.v20260203-2149\eclipse_11919.dll
Event: 55.771 Loaded shared library C:\Users\ADMIN\.vscode\extensions\redhat.java-1.53.0-win32-x64\jre\21.0.10-win32-x86_64\bin\management.dll
Event: 55.776 Loaded shared library C:\Users\ADMIN\.vscode\extensions\redhat.java-1.53.0-win32-x64\jre\21.0.10-win32-x86_64\bin\management_ext.dll
Event: 63.321 Loaded shared library C:\Users\ADMIN\AppData\Local\Temp\jna-62130991\jna3627151450401803620.dll
Event: 63.598 Loaded shared library C:\Users\ADMIN\.vscode\extensions\redhat.java-1.53.0-win32-x64\jre\21.0.10-win32-x86_64\bin\sunmscapi.dll
Event: 64.532 Loaded shared library C:\Users\ADMIN\.vscode\extensions\redhat.java-1.53.0-win32-x64\jre\21.0.10-win32-x86_64\bin\extnet.dll
Event: 68.813 Loaded shared library C:\Users\ADMIN\.gradle\native\660c5614fbf4a5f2a75b1949f50a0caf5cd603558e7d8a26e50b933a0cfb79d1\windows-amd64\native-platform.dll

Deoptimization events (20 events):
Event: 8701.774 Thread 0x000001454c3bc4f0 Uncommon trap: trap_request=0xffffff45 fr.pc=0x0000014577f0b828 relative=0x0000000000002608
Event: 8701.774 Thread 0x000001454c3bc4f0 Uncommon trap: reason=unstable_if action=reinterpret pc=0x0000014577f0b828 method=lombok.eclipse.agent.PatchExtensionMethod.getAnnotation(Ljava/lang/Class;Llombok/eclipse/EclipseNode;)Lorg/eclipse/jdt/internal/compiler/ast/Annotation; @ 12 c2
Event: 8701.774 Thread 0x000001454c3bc4f0 DEOPT PACKING pc=0x0000014577f0b828 sp=0x0000002c6bffde00
Event: 8701.775 Thread 0x000001454c3bc4f0 DEOPT UNPACKING pc=0x0000014576b53aa2 sp=0x0000002c6bffdcf8 mode 2
Event: 8701.777 Thread 0x000001454c3bc4f0 Uncommon trap: trap_request=0xffffff45 fr.pc=0x00000145770d8784 relative=0x0000000000000064
Event: 8701.777 Thread 0x000001454c3bc4f0 Uncommon trap: reason=unstable_if action=reinterpret pc=0x00000145770d8784 method=lombok.eclipse.agent.PatchExtensionMethod.getAnnotation(Ljava/lang/Class;Llombok/eclipse/EclipseNode;)Lorg/eclipse/jdt/internal/compiler/ast/Annotation; @ 12 c2
Event: 8701.777 Thread 0x000001454c3bc4f0 DEOPT PACKING pc=0x00000145770d8784 sp=0x0000002c6bffdd60
Event: 8701.777 Thread 0x000001454c3bc4f0 DEOPT UNPACKING pc=0x0000014576b53aa2 sp=0x0000002c6bffdce8 mode 2
Event: 8701.779 Thread 0x000001454c3bc4f0 Uncommon trap: trap_request=0xffffff45 fr.pc=0x00000145783c57d0 relative=0x0000000000000af0
Event: 8701.779 Thread 0x000001454c3bc4f0 Uncommon trap: reason=unstable_if action=reinterpret pc=0x00000145783c57d0 method=org.eclipse.jdt.internal.compiler.ast.MethodDeclaration.resolveStatements()V @ 734 c2
Event: 8701.779 Thread 0x000001454c3bc4f0 DEOPT PACKING pc=0x00000145783c57d0 sp=0x0000002c6bffe4b0
Event: 8701.779 Thread 0x000001454c3bc4f0 DEOPT UNPACKING pc=0x0000014576b53aa2 sp=0x0000002c6bffe440 mode 2
Event: 8701.823 Thread 0x000001454c3bc4f0 Uncommon trap: trap_request=0xffffffc6 fr.pc=0x0000014578516a8c relative=0x0000000000000b0c
Event: 8701.823 Thread 0x000001454c3bc4f0 Uncommon trap: reason=bimorphic_or_optimized_type_check action=maybe_recompile pc=0x0000014578516a8c method=lombok.eclipse.EclipseNode.traverse(Llombok/eclipse/EclipseASTVisitor;)V @ 482 c2
Event: 8701.823 Thread 0x000001454c3bc4f0 DEOPT PACKING pc=0x0000014578516a8c sp=0x0000002c6bffe130
Event: 8701.823 Thread 0x000001454c3bc4f0 DEOPT UNPACKING pc=0x0000014576b53aa2 sp=0x0000002c6bffe0c0 mode 2
Event: 8737.244 Thread 0x000001454ff84ef0 Uncommon trap: trap_request=0xffffffde fr.pc=0x000001457843a680 relative=0x0000000000001e00
Event: 8737.244 Thread 0x000001454ff84ef0 Uncommon trap: reason=class_check action=maybe_recompile pc=0x000001457843a680 method=org.eclipse.jdt.internal.compiler.parser.Parser.consumeRule(I)V @ 7407 c2
Event: 8737.244 Thread 0x000001454ff84ef0 DEOPT PACKING pc=0x000001457843a680 sp=0x0000002c6d8fe330
Event: 8737.245 Thread 0x000001454ff84ef0 DEOPT UNPACKING pc=0x0000014576b53aa2 sp=0x0000002c6d8fe2c0 mode 2

Classes loaded (20 events):
Event: 2168.177 Loading class java/util/Hashtable$ValueCollection
Event: 2168.177 Loading class java/util/Hashtable$ValueCollection done
Event: 2170.022 Loading class java/util/stream/ReduceOps$4
Event: 2170.022 Loading class java/util/stream/ReduceOps$4 done
Event: 2170.023 Loading class java/util/stream/ReduceOps$4ReducingSink
Event: 2170.024 Loading class java/util/stream/ReduceOps$4ReducingSink done
Event: 2170.231 Loading class jdk/internal/event/SecurityPropertyModificationEvent
Event: 2170.232 Loading class jdk/internal/event/SecurityPropertyModificationEvent done
Event: 2170.405 Loading class java/util/zip/GZIPInputStream$1
Event: 2170.409 Loading class java/util/zip/GZIPInputStream$1 done
Event: 2171.749 Loading class java/util/concurrent/ConcurrentHashMap$TreeNode
Event: 2171.751 Loading class java/util/concurrent/ConcurrentHashMap$TreeNode done
Event: 2171.751 Loading class java/util/concurrent/ConcurrentHashMap$TreeBin
Event: 2171.751 Loading class java/util/concurrent/ConcurrentHashMap$TreeBin done
Event: 2879.405 Loading class java/util/stream/ReduceOps$5
Event: 2879.406 Loading class java/util/stream/ReduceOps$5 done
Event: 2879.406 Loading class java/util/stream/ReduceOps$CountingSink$OfRef
Event: 2879.407 Loading class java/util/stream/ReduceOps$CountingSink
Event: 2879.407 Loading class java/util/stream/ReduceOps$CountingSink done
Event: 2879.407 Loading class java/util/stream/ReduceOps$CountingSink$OfRef done

Classes unloaded (20 events):
Event: 2191.211 Thread 0x000001456ad907b0 Unloading class 0x0000014505108c00 'java/lang/invoke/LambdaForm$MH+0x0000014505108c00'
Event: 2191.211 Thread 0x000001456ad907b0 Unloading class 0x00000145050b5000 'java/lang/invoke/LambdaForm$MH+0x00000145050b5000'
Event: 2191.211 Thread 0x000001456ad907b0 Unloading class 0x00000145050b4c00 'java/lang/invoke/LambdaForm$MH+0x00000145050b4c00'
Event: 2191.212 Thread 0x000001456ad907b0 Unloading class 0x000001450508c000 'java/lang/invoke/LambdaForm$MH+0x000001450508c000'
Event: 2191.212 Thread 0x000001456ad907b0 Unloading class 0x000001450508ac00 'java/lang/invoke/LambdaForm$MH+0x000001450508ac00'
Event: 2191.212 Thread 0x000001456ad907b0 Unloading class 0x000001450500d800 'java/lang/invoke/LambdaForm$MH+0x000001450500d800'
Event: 2191.212 Thread 0x000001456ad907b0 Unloading class 0x000001450500d400 'java/lang/invoke/LambdaForm$MH+0x000001450500d400'
Event: 2191.212 Thread 0x000001456ad907b0 Unloading class 0x000001450500d000 'java/lang/invoke/LambdaForm$MH+0x000001450500d000'
Event: 2191.212 Thread 0x000001456ad907b0 Unloading class 0x000001450500cc00 'java/lang/invoke/LambdaForm$MH+0x000001450500cc00'
Event: 2191.212 Thread 0x000001456ad907b0 Unloading class 0x000001450500c800 'java/lang/invoke/LambdaForm$BMH+0x000001450500c800'
Event: 2191.213 Thread 0x000001456ad907b0 Unloading class 0x000001450500c000 'java/lang/invoke/LambdaForm$DMH+0x000001450500c000'
Event: 2191.213 Thread 0x000001456ad907b0 Unloading class 0x0000014505008c00 'java/lang/invoke/LambdaForm$MH+0x0000014505008c00'
Event: 2191.213 Thread 0x000001456ad907b0 Unloading class 0x0000014505008800 'java/lang/invoke/LambdaForm$MH+0x0000014505008800'
Event: 2191.213 Thread 0x000001456ad907b0 Unloading class 0x0000014505008400 'java/lang/invoke/LambdaForm$MH+0x0000014505008400'
Event: 2191.213 Thread 0x000001456ad907b0 Unloading class 0x0000014505007000 'java/lang/invoke/LambdaForm$MH+0x0000014505007000'
Event: 2191.213 Thread 0x000001456ad907b0 Unloading class 0x0000014505006800 'java/lang/invoke/LambdaForm$MH+0x0000014505006800'
Event: 2191.213 Thread 0x000001456ad907b0 Unloading class 0x0000014505006400 'java/lang/invoke/LambdaForm$MH+0x0000014505006400'
Event: 2191.213 Thread 0x000001456ad907b0 Unloading class 0x0000014505006000 'java/lang/invoke/LambdaForm$MH+0x0000014505006000'
Event: 2191.213 Thread 0x000001456ad907b0 Unloading class 0x0000014505005c00 'java/lang/invoke/LambdaForm$BMH+0x0000014505005c00'
Event: 2191.213 Thread 0x000001456ad907b0 Unloading class 0x0000014505004800 'java/lang/invoke/LambdaForm$DMH+0x0000014505004800'

Classes redefined (0 events):
No events

Internal exceptions (20 events):
Event: 8563.120 Thread 0x000001454c3bb7d0 Implicit null exception at 0x0000014577e1697b to 0x0000014577e1c368
Event: 8563.120 Thread 0x000001454c3bb7d0 Implicit null exception at 0x0000014577dd432d to 0x0000014577dd6648
Event: 8563.127 Thread 0x000001454c3bb7d0 Implicit null exception at 0x0000014577d50ee9 to 0x0000014577d50fcc
Event: 8563.696 Thread 0x000001454c3bb7d0 Implicit null exception at 0x00000145780c0824 to 0x00000145780c0854
Event: 8563.697 Thread 0x000001454c3bb7d0 Implicit null exception at 0x0000014578279143 to 0x00000145782794c0
Event: 8563.697 Thread 0x000001454c3bb7d0 Implicit null exception at 0x00000145780a735d to 0x00000145780a7468
Event: 8572.453 Thread 0x000001454c3bc4f0 Implicit null exception at 0x0000014577dbea74 to 0x0000014577dc299c
Event: 8576.431 Thread 0x000001454ff84ef0 Implicit null exception at 0x00000145782a90ee to 0x00000145782a9528
Event: 8661.599 Thread 0x000001454c3bb7d0 Implicit null exception at 0x0000014578192ccb to 0x00000145781932ac
Event: 8661.761 Thread 0x000001454c3bb7d0 Implicit null exception at 0x0000014578192ccb to 0x00000145781932ac
Event: 8700.794 Thread 0x000001454ff84ef0 Implicit null exception at 0x000001456f8e2d7c to 0x000001456f8e47f6
Event: 8700.794 Thread 0x000001454ff84ef0 Exception <a 'java/lang/NullPointerException'{0x00000000d564daf8}> (0x00000000d564daf8) 
thrown [s\src\hotspot\share\runtime\sharedRuntime.cpp, line 625]
Event: 8700.794 Thread 0x000001454ff84ef0 Implicit null exception at 0x000001456f8e2d7c to 0x000001456f8e47f6
Event: 8700.794 Thread 0x000001454ff84ef0 Exception <a 'java/lang/NullPointerException'{0x00000000d564ed60}> (0x00000000d564ed60) 
thrown [s\src\hotspot\share\runtime\sharedRuntime.cpp, line 625]
Event: 8700.794 Thread 0x000001454ff84ef0 Implicit null exception at 0x000001456f8e2d7c to 0x000001456f8e47f6
Event: 8700.794 Thread 0x000001454ff84ef0 Exception <a 'java/lang/NullPointerException'{0x00000000d5650230}> (0x00000000d5650230) 
thrown [s\src\hotspot\share\runtime\sharedRuntime.cpp, line 625]
Event: 8700.794 Thread 0x000001454ff84ef0 Implicit null exception at 0x000001456f8e2d7c to 0x000001456f8e47f6
Event: 8700.794 Thread 0x000001454ff84ef0 Exception <a 'java/lang/NullPointerException'{0x00000000d5651428}> (0x00000000d5651428) 
thrown [s\src\hotspot\share\runtime\sharedRuntime.cpp, line 625]
Event: 8700.794 Thread 0x000001454ff84ef0 Implicit null exception at 0x000001456f8e2d7c to 0x000001456f8e47f6
Event: 8700.794 Thread 0x000001454ff84ef0 Exception <a 'java/lang/NullPointerException'{0x00000000d5652c80}> (0x00000000d5652c80) 
thrown [s\src\hotspot\share\runtime\sharedRuntime.cpp, line 625]

ZGC Phase Switch (0 events):
No events

VM Operations (20 events):
Event: 10283.019 Executing non-safepoint VM operation: HandshakeAllThreads (HandshakeForDeflation)
Event: 10283.019 Executing non-safepoint VM operation: HandshakeAllThreads (HandshakeForDeflation) done
Event: 10283.019 Executing non-safepoint VM operation: RendezvousGCThreads
Event: 10283.019 Executing non-safepoint VM operation: RendezvousGCThreads done
Event: 10343.230 Executing non-safepoint VM operation: HandshakeAllThreads (HandshakeForDeflation)
Event: 10343.231 Executing non-safepoint VM operation: HandshakeAllThreads (HandshakeForDeflation) done
Event: 10343.231 Executing non-safepoint VM operation: RendezvousGCThreads
Event: 10343.231 Executing non-safepoint VM operation: RendezvousGCThreads done
Event: 10403.273 Executing non-safepoint VM operation: HandshakeAllThreads (HandshakeForDeflation)
Event: 10403.273 Executing non-safepoint VM operation: HandshakeAllThreads (HandshakeForDeflation) done
Event: 10403.274 Executing non-safepoint VM operation: RendezvousGCThreads
Event: 10403.274 Executing non-safepoint VM operation: RendezvousGCThreads done
Event: 10463.464 Executing non-safepoint VM operation: HandshakeAllThreads (HandshakeForDeflation)
Event: 10463.464 Executing non-safepoint VM operation: HandshakeAllThreads (HandshakeForDeflation) done
Event: 10463.464 Executing non-safepoint VM operation: RendezvousGCThreads
Event: 10463.464 Executing non-safepoint VM operation: RendezvousGCThreads done
Event: 10523.640 Executing non-safepoint VM operation: HandshakeAllThreads (HandshakeForDeflation)
Event: 10523.640 Executing non-safepoint VM operation: HandshakeAllThreads (HandshakeForDeflation) done
Event: 10523.640 Executing non-safepoint VM operation: RendezvousGCThreads
Event: 10523.640 Executing non-safepoint VM operation: RendezvousGCThreads done

Memory protections (0 events):
No events

Nmethod flushes (20 events):
Event: 2191.516 Thread 0x000001456ad907b0 flushing  nmethod 0x00000145701fb890
Event: 2191.516 Thread 0x000001456ad907b0 flushing  nmethod 0x0000014570228f90
Event: 2191.516 Thread 0x000001456ad907b0 flushing  nmethod 0x000001457022e390
Event: 2191.516 Thread 0x000001456ad907b0 flushing  nmethod 0x000001457022f010
Event: 2191.516 Thread 0x000001456ad907b0 flushing  nmethod 0x0000014570257010
Event: 2191.516 Thread 0x000001456ad907b0 flushing  nmethod 0x0000014570259310
Event: 2191.516 Thread 0x000001456ad907b0 flushing  nmethod 0x0000014570261310
Event: 2191.516 Thread 0x000001456ad907b0 flushing  nmethod 0x0000014570266d10
Event: 2191.516 Thread 0x000001456ad907b0 flushing  nmethod 0x000001457027ab10
Event: 2191.516 Thread 0x000001456ad907b0 flushing  nmethod 0x000001457029a590
Event: 2191.516 Thread 0x000001456ad907b0 flushing  nmethod 0x000001457029f590
Event: 2191.516 Thread 0x000001456ad907b0 flushing  nmethod 0x000001457029fe10
Event: 2191.516 Thread 0x000001456ad907b0 flushing  nmethod 0x00000145702ae710
Event: 2191.516 Thread 0x000001456ad907b0 flushing  nmethod 0x00000145702af810
Event: 2191.516 Thread 0x000001456ad907b0 flushing  nmethod 0x00000145702b3390
Event: 2191.516 Thread 0x000001456ad907b0 flushing  nmethod 0x00000145702b3b10
Event: 2191.516 Thread 0x000001456ad907b0 flushing  nmethod 0x00000145702b7a90
Event: 2191.516 Thread 0x000001456ad907b0 flushing  nmethod 0x00000145702e0510
Event: 2191.516 Thread 0x000001456ad907b0 flushing  nmethod 0x0000014570305410
Event: 2191.516 Thread 0x000001456ad907b0 flushing  nmethod 0x0000014570306090

Events (20 events):
Event: 7484.226 Thread 0x0000014545b09ad0 Thread exited: 0x0000014545b09ad0
Event: 7487.101 Thread 0x000001454ece4e60 Thread exited: 0x000001454ece4e60
Event: 7544.224 Thread 0x0000014545b0a7f0 Thread exited: 0x0000014545b0a7f0
Event: 7660.372 Thread 0x0000014545b103d0 Thread exited: 0x0000014545b103d0
Event: 7729.603 Thread 0x000001454c3bdf30 Thread added: 0x000001454c3bb7d0
Event: 7729.608 Thread 0x000001454c3bb7d0 Thread exited: 0x000001454c3bb7d0
Event: 7729.628 Thread 0x000001454c3bdf30 Thread added: 0x000001454c3bb7d0
Event: 7729.629 Thread 0x000001454c3bb7d0 Thread exited: 0x000001454c3bb7d0
Event: 8551.420 Thread 0x0000014545b10a60 Thread added: 0x000001454c3bb7d0
Event: 8555.932 Thread 0x0000014545b10a60 Thread added: 0x000001454c3bc4f0
Event: 8563.743 Thread 0x000001456adadeb0 Thread added: 0x000001454c9c0630
Event: 8568.047 Thread 0x000001454c9c0630 Thread exited: 0x000001454c9c0630
Event: 8572.621 Thread 0x000001456adadeb0 Thread added: 0x000001454c9c2840
Event: 8572.969 Thread 0x000001454c9c2840 Thread exited: 0x000001454c9c2840
Event: 8573.425 Thread 0x000001456ada9740 Thread added: 0x000001454c9c1aa0
Event: 8573.807 Thread 0x000001454c9c1aa0 Thread exited: 0x000001454c9c1aa0
Event: 8573.992 Thread 0x000001456adadeb0 Thread added: 0x000001454c9c2840
Event: 8576.308 Thread 0x000001454c9c2840 Thread exited: 0x000001454c9c2840
Event: 8840.200 Thread 0x0000014545b10a60 Thread exited: 0x0000014545b10a60
Event: 8880.770 Thread 0x000001454c3bb7d0 Thread exited: 0x000001454c3bb7d0


Dynamic libraries:
0x00007ff7f9390000 - 0x00007ff7f939e000 	c:\Users\ADMIN\.vscode\extensions\redhat.java-1.53.0-win32-x64\jre\21.0.10-win32-x86_64\bin\java.exe
0x00007fff10ac0000 - 0x00007fff10d27000 	C:\WINDOWS\SYSTEM32\ntdll.dll
0x00007fff0e9d0000 - 0x00007fff0ea99000 	C:\WINDOWS\System32\KERNEL32.DLL
0x00007fff0e200000 - 0x00007fff0e5f1000 	C:\WINDOWS\System32\KERNELBASE.dll
0x00007fff0e0b0000 - 0x00007fff0e1fb000 	C:\WINDOWS\System32\ucrtbase.dll
0x00007ffece730000 - 0x00007ffece748000 	c:\Users\ADMIN\.vscode\extensions\redhat.java-1.53.0-win32-x64\jre\21.0.10-win32-x86_64\bin\jli.dll
0x00007ffe894c0000 - 0x00007ffe894de000 	c:\Users\ADMIN\.vscode\extensions\redhat.java-1.53.0-win32-x64\jre\21.0.10-win32-x86_64\bin\VCRUNTIME140.dll
0x00007fff0fbf0000 - 0x00007fff0fdb5000 	C:\WINDOWS\System32\USER32.dll
0x00007ffef1710000 - 0x00007ffef19a3000 	C:\WINDOWS\WinSxS\amd64_microsoft.windows.common-controls_6595b64144ccf1df_6.0.26100.8037_none_3e092faae333b53b\COMCTL32.dll
0x00007fff0e830000 - 0x00007fff0e857000 	C:\WINDOWS\System32\win32u.dll
0x00007fff0eb50000 - 0x00007fff0ebf9000 	C:\WINDOWS\System32\msvcrt.dll
0x00007fff102e0000 - 0x00007fff1030b000 	C:\WINDOWS\System32\GDI32.dll
0x00007fff0d430000 - 0x00007fff0d55b000 	C:\WINDOWS\System32\gdi32full.dll
0x00007fff0e000000 - 0x00007fff0e0a3000 	C:\WINDOWS\System32\msvcp_win.dll
0x00007fff0fbb0000 - 0x00007fff0fbe1000 	C:\WINDOWS\System32\IMM32.DLL
0x00007ffef6e20000 - 0x00007ffef6e2c000 	c:\Users\ADMIN\.vscode\extensions\redhat.java-1.53.0-win32-x64\jre\21.0.10-win32-x86_64\bin\vcruntime140_1.dll
0x00007ffe89310000 - 0x00007ffe8939d000 	c:\Users\ADMIN\.vscode\extensions\redhat.java-1.53.0-win32-x64\jre\21.0.10-win32-x86_64\bin\msvcp140.dll
0x00007ffe33620000 - 0x00007ffe343c1000 	c:\Users\ADMIN\.vscode\extensions\redhat.java-1.53.0-win32-x64\jre\21.0.10-win32-x86_64\bin\server\jvm.dll
0x00007fff10220000 - 0x00007fff102db000 	C:\WINDOWS\System32\ADVAPI32.dll
0x00007fff0eaa0000 - 0x00007fff0eb47000 	C:\WINDOWS\System32\sechost.dll
0x00007fff0e890000 - 0x00007fff0e9a8000 	C:\WINDOWS\System32\RPCRT4.dll
0x00007fff0f870000 - 0x00007fff0f8e4000 	C:\WINDOWS\System32\WS2_32.dll
0x00007fff0c840000 - 0x00007fff0c89e000 	C:\WINDOWS\SYSTEM32\POWRPROF.dll
0x00007ffefcc80000 - 0x00007ffefcc8b000 	C:\WINDOWS\SYSTEM32\VERSION.dll
0x00007fff01290000 - 0x00007fff012c5000 	C:\WINDOWS\SYSTEM32\WINMM.dll
0x00007fff0c7e0000 - 0x00007fff0c7f4000 	C:\WINDOWS\SYSTEM32\UMPDC.dll
0x00007fff0c120000 - 0x00007fff0c13b000 	C:\WINDOWS\SYSTEM32\kernel.appcore.dll
0x00007ffef3c50000 - 0x00007ffef3c5a000 	c:\Users\ADMIN\.vscode\extensions\redhat.java-1.53.0-win32-x64\jre\21.0.10-win32-x86_64\bin\jimage.dll
0x00007fff0b250000 - 0x00007fff0b492000 	C:\WINDOWS\SYSTEM32\DBGHELP.DLL
0x00007fff0f3d0000 - 0x00007fff0f752000 	C:\WINDOWS\System32\combase.dll
0x00007fff0f8f0000 - 0x00007fff0f9c7000 	C:\WINDOWS\System32\OLEAUT32.dll
0x00007ffeeb710000 - 0x00007ffeeb74b000 	C:\WINDOWS\SYSTEM32\dbgcore.DLL
0x00007fff0e780000 - 0x00007fff0e825000 	C:\WINDOWS\System32\bcryptPrimitives.dll
0x00007ffef4bc0000 - 0x00007ffef4bcf000 	c:\Users\ADMIN\.vscode\extensions\redhat.java-1.53.0-win32-x64\jre\21.0.10-win32-x86_64\bin\instrument.dll
0x00007ffe894a0000 - 0x00007ffe894c0000 	c:\Users\ADMIN\.vscode\extensions\redhat.java-1.53.0-win32-x64\jre\21.0.10-win32-x86_64\bin\java.dll
0x00007fff10310000 - 0x00007fff10a6f000 	C:\WINDOWS\System32\SHELL32.dll
0x00007fff0de90000 - 0x00007fff0dffa000 	C:\WINDOWS\System32\wintypes.dll
0x00007fff0d560000 - 0x00007fff0ddc4000 	C:\WINDOWS\System32\windows.storage.dll
0x00007fff0fdc0000 - 0x00007fff0feb7000 	C:\WINDOWS\System32\SHCORE.dll
0x00007fff0f7f0000 - 0x00007fff0f857000 	C:\WINDOWS\System32\shlwapi.dll
0x00007fff0d2c0000 - 0x00007fff0d2e9000 	C:\WINDOWS\SYSTEM32\profapi.dll
0x00007ffe89480000 - 0x00007ffe89498000 	c:\Users\ADMIN\.vscode\extensions\redhat.java-1.53.0-win32-x64\jre\21.0.10-win32-x86_64\bin\zip.dll
0x00007ffef3b60000 - 0x00007ffef3b70000 	C:\Users\ADMIN\.vscode\extensions\redhat.java-1.53.0-win32-x64\jre\21.0.10-win32-x86_64\bin\net.dll
0x00007fff043f0000 - 0x00007fff04517000 	C:\WINDOWS\SYSTEM32\WINHTTP.dll
0x00007fff0c730000 - 0x00007fff0c79b000 	C:\WINDOWS\system32\mswsock.dll
0x00007ffe892f0000 - 0x00007ffe89306000 	C:\Users\ADMIN\.vscode\extensions\redhat.java-1.53.0-win32-x64\jre\21.0.10-win32-x86_64\bin\nio.dll
0x00007ffef4190000 - 0x00007ffef41a0000 	c:\Users\ADMIN\.vscode\extensions\redhat.java-1.53.0-win32-x64\jre\21.0.10-win32-x86_64\bin\verify.dll
0x00007ffe5acb0000 - 0x00007ffe5acf5000 	C:\Users\ADMIN\AppData\Roaming\Code\User\globalStorage\redhat.java\1.53.0\config_win\org.eclipse.equinox.launcher\org.eclipse.equinox.launcher.win32.win32.x86_64_1.3.0.v20260203-2149\eclipse_11919.dll
0x00007fff0ffc0000 - 0x00007fff10155000 	C:\WINDOWS\System32\ole32.dll
0x00007ffeeb290000 - 0x00007ffeeb29a000 	C:\Users\ADMIN\.vscode\extensions\redhat.java-1.53.0-win32-x64\jre\21.0.10-win32-x86_64\bin\management.dll
0x00007ffeeb280000 - 0x00007ffeeb28c000 	C:\Users\ADMIN\.vscode\extensions\redhat.java-1.53.0-win32-x64\jre\21.0.10-win32-x86_64\bin\management_ext.dll
0x00007fff0e9c0000 - 0x00007fff0e9c8000 	C:\WINDOWS\System32\PSAPI.DLL
0x00007fff0caa0000 - 0x00007fff0cabb000 	C:\WINDOWS\SYSTEM32\CRYPTSP.dll
0x00007fff0c080000 - 0x00007fff0c0b9000 	C:\WINDOWS\system32\rsaenh.dll
0x00007fff0c800000 - 0x00007fff0c832000 	C:\WINDOWS\SYSTEM32\USERENV.dll
0x00007fff0d290000 - 0x00007fff0d2ba000 	C:\WINDOWS\SYSTEM32\bcrypt.dll
0x00007fff0cac0000 - 0x00007fff0cacc000 	C:\WINDOWS\SYSTEM32\CRYPTBASE.dll
0x00007fff0bb30000 - 0x00007fff0bb63000 	C:\WINDOWS\SYSTEM32\IPHLPAPI.DLL
0x00007fff0f860000 - 0x00007fff0f86a000 	C:\WINDOWS\System32\NSI.dll
0x00007ffe5abe0000 - 0x00007ffe5ac29000 	C:\Users\ADMIN\AppData\Local\Temp\jna-62130991\jna3627151450401803620.dll
0x00007fff047e0000 - 0x00007fff047fd000 	C:\WINDOWS\SYSTEM32\dhcpcsvc6.DLL
0x00007fff047b0000 - 0x00007fff047d3000 	C:\WINDOWS\SYSTEM32\dhcpcsvc.DLL
0x00007ffeead00000 - 0x00007ffeead0e000 	C:\Users\ADMIN\.vscode\extensions\redhat.java-1.53.0-win32-x64\jre\21.0.10-win32-x86_64\bin\sunmscapi.dll
0x00007fff0e600000 - 0x00007fff0e777000 	C:\WINDOWS\System32\CRYPT32.dll
0x00007fff0ccc0000 - 0x00007fff0ccf0000 	C:\WINDOWS\SYSTEM32\ncrypt.dll
0x00007fff0cc70000 - 0x00007fff0ccaf000 	C:\WINDOWS\SYSTEM32\NTASN1.dll
0x00007fff0bbf0000 - 0x00007fff0bd1a000 	C:\WINDOWS\SYSTEM32\DNSAPI.dll
0x00007fff03c80000 - 0x00007fff03c8b000 	C:\Windows\System32\rasadhlp.dll
0x00007fff05210000 - 0x00007fff05296000 	C:\WINDOWS\System32\fwpuclnt.dll
0x00007ffeeaa80000 - 0x00007ffeeaa89000 	C:\Users\ADMIN\.vscode\extensions\redhat.java-1.53.0-win32-x64\jre\21.0.10-win32-x86_64\bin\extnet.dll
0x00007ffeee6c0000 - 0x00007ffeee6e7000 	C:\Users\ADMIN\.gradle\native\660c5614fbf4a5f2a75b1949f50a0caf5cd603558e7d8a26e50b933a0cfb79d1\windows-amd64\native-platform.dll
0x00007ffee03e0000 - 0x00007ffee03e8000 	C:\WINDOWS\system32\wshunix.dll

JVMTI agents:
c:\Users\ADMIN\.vscode\extensions\redhat.java-1.53.0-win32-x64\lombok\lombok-1.18.39-4050.jar path:c:\Users\ADMIN\.vscode\extensions\redhat.java-1.53.0-win32-x64\jre\21.0.10-win32-x86_64\bin\instrument.dll, loaded, initialized, instrumentlib options:none

dbghelp: loaded successfully - version: 4.0.5 - missing functions: none
symbol engine: initialized successfully - sym options: 0x614 - pdb path: .;c:\Users\ADMIN\.vscode\extensions\redhat.java-1.53.0-win32-x64\jre\21.0.10-win32-x86_64\bin;C:\WINDOWS\SYSTEM32;C:\WINDOWS\WinSxS\amd64_microsoft.windows.common-controls_6595b64144ccf1df_6.0.26100.8037_none_3e092faae333b53b;c:\Users\ADMIN\.vscode\extensions\redhat.java-1.53.0-win32-x64\jre\21.0.10-win32-x86_64\bin\server;C:\Users\ADMIN\AppData\Roaming\Code\User\globalStorage\redhat.java\1.53.0\config_win\org.eclipse.equinox.launcher\org.eclipse.equinox.launcher.win32.win32.x86_64_1.3.0.v20260203-2149;C:\Users\ADMIN\AppData\Local\Temp\jna-62130991;C:\Users\ADMIN\.gradle\native\660c5614fbf4a5f2a75b1949f50a0caf5cd603558e7d8a26e50b933a0cfb79d1\windows-amd64

VM Arguments:
jvm_args: --add-modules=ALL-SYSTEM --add-opens=java.base/java.util=ALL-UNNAMED --add-opens=java.base/java.lang=ALL-UNNAMED --add-opens=java.base/sun.nio.fs=ALL-UNNAMED -Declipse.application=org.eclipse.jdt.ls.core.id1 -Dosgi.bundles.defaultStartLevel=4 -Declipse.product=org.eclipse.jdt.ls.core.product -Djava.import.generatesMetadataFilesAtProjectRoot=false -DDetectVMInstallationsJob.disabled=true -Dfile.encoding=utf8 -XX:+UseParallelGC -XX:GCTimeRatio=4 -XX:AdaptiveSizePolicyWeight=90 -Dsun.zip.disableMemoryMapping=true -Xmx2G -Xms100m -Xlog:disable -javaagent:c:\Users\ADMIN\.vscode\extensions\redhat.java-1.53.0-win32-x64\lombok\lombok-1.18.39-4050.jar -XX:+HeapDumpOnOutOfMemoryError -XX:HeapDumpPath=c:\Users\ADMIN\AppData\Roaming\Code\User\workspaceStorage\3d538ecb1cc6ba4cd83de9f07c0907be\redhat.java -Daether.dependencyCollector.impl=bf 
java_command: c:\Users\ADMIN\.vscode\extensions\redhat.java-1.53.0-win32-x64\server\plugins\org.eclipse.equinox.launcher_1.7.100.v20251111-0406.jar -configuration c:\Users\ADMIN\AppData\Roaming\Code\User\globalStorage\redhat.java\1.53.0\config_win -data c:\Users\ADMIN\AppData\Roaming\Code\User\workspaceStorage\3d538ecb1cc6ba4cd83de9f07c0907be\redhat.java\jdt_ws --pipe=\\.\pipe\lsp-af1876c114c27744ee04302d4aeeea96-sock
java_class_path (initial): c:\Users\ADMIN\.vscode\extensions\redhat.java-1.53.0-win32-x64\server\plugins\org.eclipse.equinox.launcher_1.7.100.v20251111-0406.jar
Launcher Type: SUN_STANDARD

[Global flags]
    uintx AdaptiveSizePolicyWeight                 = 90                                        {product} {command line}
     intx CICompilerCount                          = 4                                         {product} {ergonomic}
    uintx GCTimeRatio                              = 4                                         {product} {command line}
     bool HeapDumpOnOutOfMemoryError               = true                                   {manageable} {command line}
    ccstr HeapDumpPath                             = c:\Users\ADMIN\AppData\Roaming\Code\User\workspaceStorage\3d538ecb1cc6ba4cd83de9f07c0907be\redhat.java         {manageable} {command line}
   size_t InitialHeapSize                          = 104857600                                 {product} {command line}
   size_t MaxHeapSize                              = 2147483648                                {product} {command line}
   size_t MaxNewSize                               = 715653120                                 {product} {ergonomic}
   size_t MinHeapDeltaBytes                        = 524288                                    {product} {ergonomic}
   size_t MinHeapSize                              = 104857600                                 {product} {command line}
   size_t NewSize                                  = 34603008                                  {product} {ergonomic}
    uintx NonNMethodCodeHeapSize                   = 5839372                                {pd product} {ergonomic}
    uintx NonProfiledCodeHeapSize                  = 122909434                              {pd product} {ergonomic}
   size_t OldSize                                  = 70254592                                  {product} {ergonomic}
    uintx ProfiledCodeHeapSize                     = 122909434                              {pd product} {ergonomic}
    uintx ReservedCodeCacheSize                    = 251658240                              {pd product} {ergonomic}
     bool SegmentedCodeCache                       = true                                      {product} {ergonomic}
   size_t SoftMaxHeapSize                          = 2147483648                             {manageable} {ergonomic}
     bool UseCompressedOops                        = true                           {product lp64_product} {ergonomic}
     bool UseLargePagesIndividualAllocation        = false                                  {pd product} {ergonomic}
     bool UseParallelGC                            = true                                      {product} {command line}

Logging:
Log output configuration:
 #0: stdout all=off uptime,level,tags foldmultilines=false
 #1: stderr all=off uptime,level,tags foldmultilines=false

Release file:
JAVA_VERSION="21.0.10" 
MODULES="java.base java.compiler java.datatransfer java.xml java.prefs java.desktop java.instrument java.logging java.management java.security.sasl java.naming java.rmi java.management.rmi java.net.http java.scripting java.security.jgss java.transaction.xa java.sql java.sql.rowset java.xml.crypto java.se java.smartcardio jdk.accessibility jdk.internal.jvmstat jdk.attach jdk.charsets jdk.internal.opt jdk.zipfs jdk.compiler jdk.crypto.ec jdk.crypto.cryptoki jdk.crypto.mscapi jdk.dynalink jdk.internal.ed jdk.editpad jdk.hotspot.agent jdk.httpserver jdk.internal.le jdk.internal.vm.ci jdk.internal.vm.compiler jdk.internal.vm.compiler.management jdk.jartool jdk.javadoc jdk.jcmd jdk.management jdk.management.agent jdk.jconsole jdk.jdeps jdk.jdwp.agent jdk.jdi jdk.jfr jdk.jshell jdk.jsobject jdk.jstatd jdk.localedata jdk.management.jfr jdk.naming.dns jdk.naming.rmi jdk.net jdk.nio.mapmode jdk.random jdk.sctp jdk.security.auth jdk.security.jgss jdk.unsupported jdk.unsupported.desktop jdk.xml.dom" 

Environment Variables:
PATH=C:\Users\ADMIN\AppData\Local\Programs\Microsoft VS Code;C:\Program Files\Microsoft MPI\Bin\;C:\Program Files (x86)\VMware\VMware Workstation\bin\;C:\Program Files\Common Files\Oracle\Java\javapath;C:\Windows\system32;C:\Windows;C:\Windows\System32\Wbem;C:\Windows\System32\WindowsPowerShell\v1.0\;C:\Windows\System32\OpenSSH\;C:\Program Files (x86)\NVIDIA Corporation\PhysX\Common;C:\Program Files\NVIDIA Corporation\NVIDIA NvDLISR;C:\WINDOWS\system32;C:\WINDOWS;C:\WINDOWS\System32\Wbem;C:\WINDOWS\System32\WindowsPowerShell\v1.0\;C:\WINDOWS\System32\OpenSSH\;C:\Program Files\Cloudflare\Cloudflare WARP\;C:\MinGW\bin;C:\Program Files\CMake\bin;C:\Program Files (x86)\Microsoft SQL Server\160\Tools\Binn\;C:\Program Files\Microsoft SQL Server\160\Tools\Binn\;C:\Program Files\Microsoft SQL Server\Client SDK\ODBC\170\Tools\Binn\;C:\Program Files\Microsoft SQL Server\160\DTS\Binn\;C:\Program Files\nodejs\;C:\Program Files\MySQL\MySQL Server 8.0\bin;C:\Program Files\Git\cmd;C:\Users\ADMIN\Downloads\apache-maven-3.9.11-bin\apache-maven-3.9.11\bin;C:\Program Files\MySQL\MySQL Shell 8.0\bin\;C:\Users\ADMIN\AppData\Local\Microsoft\WindowsApps;C:\MinGW\bin;C:\Users\ADMIN\AppData\Local\Programs\Microsoft VS Code\bin;D:\NCKH\PyCharm 2024.3.5\bin;;C:\Users\ADMIN\AppData\Roaming\npm;D:\Antigravity\bin
USERNAME=ADMIN
OS=Windows_NT
PROCESSOR_IDENTIFIER=Intel64 Family 6 Model 154 Stepping 3, GenuineIntel
TMP=C:\Users\ADMIN\AppData\Local\Temp
TEMP=C:\Users\ADMIN\AppData\Local\Temp




Periodic native trim disabled

---------------  S Y S T E M  ---------------

OS:
 Windows 11 , 64 bit Build 26100 (10.0.26100.7920)
OS uptime: 0 days 3:03 hours
Hyper-V role detected

CPU: total 12 (initial active 12) (6 cores per cpu, 2 threads per core) family 6 model 154 stepping 3 microcode 0x424, cx8, cmov, fxsr, ht, mmx, 3dnowpref, sse, sse2, sse3, ssse3, sse4.1, sse4.2, popcnt, lzcnt, tsc, tscinvbit, avx, avx2, aes, erms, clmul, bmi1, bmi2, adx, sha, fma, vzeroupper, clflush, clflushopt, clwb, hv, serialize, rdtscp, rdpid, fsrm, f16c, cet_ibt, cet_ss
Processor Information for processor 0
  Max Mhz: 2000, Current Mhz: 2000, Mhz Limit: 2000
Processor Information for processor 1
  Max Mhz: 2000, Current Mhz: 2000, Mhz Limit: 2000
Processor Information for processor 2
  Max Mhz: 2000, Current Mhz: 2000, Mhz Limit: 2000
Processor Information for processor 3
  Max Mhz: 2000, Current Mhz: 2000, Mhz Limit: 2000
Processor Information for processor 4
  Max Mhz: 2000, Current Mhz: 2000, Mhz Limit: 2000
Processor Information for processor 5
  Max Mhz: 2000, Current Mhz: 2000, Mhz Limit: 2000
Processor Information for processor 6
  Max Mhz: 2000, Current Mhz: 2000, Mhz Limit: 2000
Processor Information for processor 7
  Max Mhz: 2000, Current Mhz: 2000, Mhz Limit: 2000
Processor Information for processor 8
  Max Mhz: 2000, Current Mhz: 2000, Mhz Limit: 2000
Processor Information for processor 9
  Max Mhz: 2000, Current Mhz: 1466, Mhz Limit: 2000
Processor Information for processor 10
  Max Mhz: 2000, Current Mhz: 2000, Mhz Limit: 2000
Processor Information for processor 11
  Max Mhz: 2000, Current Mhz: 1466, Mhz Limit: 2000

Memory: 4k page, system-wide physical 16085M (980M free)
TotalPageFile size 41085M (AvailPageFile size 74M)
current process WorkingSet (physical memory assigned to process): 10M, peak: 762M
current process commit charge ("private bytes"): 1051M, peak: 1052M

vm_info: OpenJDK 64-Bit Server VM (21.0.10+7-LTS) for windows-amd64 JRE (21.0.10+7-LTS), built on 2026-01-20T00:00:00Z by "admin" with MS VC++ 17.12 (VS2022)

END.
